<?xml version="1.0" encoding="UTF-8"?>
<!-- Generated by org.testng.reporters.JUnitXMLReporter -->
<testsuite ignored="1" hostname="DESKTOP-Q8U2OG3" failures="1" tests="3" name="Testing" time="29.958" errors="0" timestamp="2025-11-03T14:03:22 IST">
  <testcase classname="testCases.TC_01_AccountRegistration" name="verify_account_registration" time="3.097"/>
  <testcase classname="testCases.TC_03_LoginDDT" name="verify_loginDDT" time="3.23"/>
  <testcase classname="testCases.TC_03_LoginDDT" name="verify_loginDDT" time="10.254">
    <failure type="java.lang.AssertionError" message="null">
      <![CDATA[java.lang.AssertionError: null
at testCases.TC_03_LoginDDT.verify_loginDDT(TC_03_LoginDDT.java:65)
at java.base/java.util.ArrayList.forEach(ArrayList.java:1604)
... Removed 27 stack frames]]>
    </failure>
  </testcase> <!-- verify_loginDDT -->
  <testcase classname="testCases.TC_02_LoginTest" name="verify_login" time="0.0">
    <ignored/>
  </testcase> <!-- verify_login -->
</testsuite> <!-- Testing -->
