<?xml version="1.0" encoding="UTF-8"?>
<testng-results ignored="0" total="2" passed="2" failed="0" skipped="0">
  <reporter-output>
  </reporter-output>
  <suite started-at="2025-10-06T23:55:36 IST" name="Suite" finished-at="2025-10-06T23:55:54 IST" duration-ms="17433">
    <groups>
      <group name="Master">
        <method signature="TC_01_AccountRegistration.verify_account_registration()[pri:0, instance:testCases.TC_01_AccountRegistration@21129f1f]" name="verify_account_registration" class="testCases.TC_01_AccountRegistration"/>
        <method signature="TC_02_LoginTest.verify_login()[pri:0, instance:testCases.TC_02_LoginTest@68d279ec]" name="verify_login" class="testCases.TC_02_LoginTest"/>
      </group> <!-- Master -->
      <group name="Regression">
        <method signature="TC_01_AccountRegistration.verify_account_registration()[pri:0, instance:testCases.TC_01_AccountRegistration@21129f1f]" name="verify_account_registration" class="testCases.TC_01_AccountRegistration"/>
      </group> <!-- Regression -->
    </groups>
    <test started-at="2025-10-06T23:55:36 IST" name="Testing" finished-at="2025-10-06T23:55:54 IST" duration-ms="17433">
      <class name="testCases.TC_02_LoginTest">
        <test-method is-config="true" signature="setup(java.lang.String,java.lang.String)[pri:0, instance:testCases.TC_02_LoginTest@68d279ec]" started-at="2025-10-06T23:55:49 IST" name="setup" finished-at="2025-10-06T23:55:52 IST" duration-ms="3055" status="PASS">
          <params>
            <param index="0">
              <value>
                <![CDATA[chrome]]>
              </value>
            </param>
            <param index="1">
              <value>
                <![CDATA[windows]]>
              </value>
            </param>
          </params>
          <reporter-output>
          </reporter-output>
        </test-method> <!-- setup -->
        <test-method signature="verify_login()[pri:0, instance:testCases.TC_02_LoginTest@68d279ec]" started-at="2025-10-06T23:55:52 IST" name="verify_login" finished-at="2025-10-06T23:55:54 IST" duration-ms="1779" status="PASS">
          <reporter-output>
          </reporter-output>
        </test-method> <!-- verify_login -->
        <test-method is-config="true" signature="teardown()[pri:0, instance:testCases.TC_02_LoginTest@68d279ec]" started-at="2025-10-06T23:55:54 IST" name="teardown" finished-at="2025-10-06T23:55:54 IST" duration-ms="239" status="PASS">
          <reporter-output>
          </reporter-output>
        </test-method> <!-- teardown -->
      </class> <!-- testCases.TC_02_LoginTest -->
      <class name="testCases.TC_01_AccountRegistration">
        <test-method is-config="true" signature="setup(java.lang.String,java.lang.String)[pri:0, instance:testCases.TC_01_AccountRegistration@21129f1f]" started-at="2025-10-06T23:55:37 IST" name="setup" finished-at="2025-10-06T23:55:46 IST" duration-ms="9309" status="PASS">
          <params>
            <param index="0">
              <value>
                <![CDATA[chrome]]>
              </value>
            </param>
            <param index="1">
              <value>
                <![CDATA[windows]]>
              </value>
            </param>
          </params>
          <reporter-output>
          </reporter-output>
        </test-method> <!-- setup -->
        <test-method signature="verify_account_registration()[pri:0, instance:testCases.TC_01_AccountRegistration@21129f1f]" started-at="2025-10-06T23:55:46 IST" name="verify_account_registration" finished-at="2025-10-06T23:55:49 IST" duration-ms="2466" status="PASS">
          <reporter-output>
          </reporter-output>
        </test-method> <!-- verify_account_registration -->
        <test-method is-config="true" signature="teardown()[pri:0, instance:testCases.TC_01_AccountRegistration@21129f1f]" started-at="2025-10-06T23:55:49 IST" name="teardown" finished-at="2025-10-06T23:55:49 IST" duration-ms="281" status="PASS">
          <reporter-output>
          </reporter-output>
        </test-method> <!-- teardown -->
      </class> <!-- testCases.TC_01_AccountRegistration -->
    </test> <!-- Testing -->
  </suite> <!-- Suite -->
</testng-results>
