<?xml version="1.0" encoding="UTF-8"?>
<testng-results ignored="0" total="2" passed="2" failed="0" skipped="0">
  <reporter-output>
  </reporter-output>
  <suite started-at="2025-10-06T18:33:44 IST" name="Suite" finished-at="2025-10-06T18:35:17 IST" duration-ms="92921">
    <groups>
      <group name="Master">
        <method signature="TC_01_AccountRegistration.verify_account_registration()[pri:0, instance:testCases.TC_01_AccountRegistration@4d3c6593]" name="verify_account_registration" class="testCases.TC_01_AccountRegistration"/>
        <method signature="TC_01_AccountRegistration.verify_account_registration()[pri:0, instance:testCases.TC_01_AccountRegistration@18a25bbd]" name="verify_account_registration" class="testCases.TC_01_AccountRegistration"/>
      </group> <!-- Master -->
      <group name="Regression">
        <method signature="TC_01_AccountRegistration.verify_account_registration()[pri:0, instance:testCases.TC_01_AccountRegistration@4d3c6593]" name="verify_account_registration" class="testCases.TC_01_AccountRegistration"/>
        <method signature="TC_01_AccountRegistration.verify_account_registration()[pri:0, instance:testCases.TC_01_AccountRegistration@18a25bbd]" name="verify_account_registration" class="testCases.TC_01_AccountRegistration"/>
      </group> <!-- Regression -->
    </groups>
    <test started-at="2025-10-06T18:33:44 IST" name="chrometest" finished-at="2025-10-06T18:35:06 IST" duration-ms="81477">
      <class name="testCases.TC_01_AccountRegistration">
        <test-method is-config="true" signature="setup(java.lang.String,java.lang.String)[pri:0, instance:testCases.TC_01_AccountRegistration@4d3c6593]" started-at="2025-10-06T18:33:46 IST" name="setup" finished-at="2025-10-06T18:34:59 IST" duration-ms="73423" status="PASS">
          <params>
            <param index="0">
              <value>
                <![CDATA[chrome]]>
              </value>
            </param>
            <param index="1">
              <value>
                <![CDATA[linux]]>
              </value>
            </param>
          </params>
          <reporter-output>
          </reporter-output>
        </test-method> <!-- setup -->
        <test-method signature="verify_account_registration()[pri:0, instance:testCases.TC_01_AccountRegistration@4d3c6593]" started-at="2025-10-06T18:34:59 IST" name="verify_account_registration" finished-at="2025-10-06T18:35:06 IST" duration-ms="6712" status="PASS">
          <reporter-output>
          </reporter-output>
        </test-method> <!-- verify_account_registration -->
        <test-method is-config="true" signature="teardown()[pri:0, instance:testCases.TC_01_AccountRegistration@4d3c6593]" started-at="2025-10-06T18:35:06 IST" name="teardown" finished-at="2025-10-06T18:35:06 IST" duration-ms="95" status="PASS">
          <reporter-output>
          </reporter-output>
        </test-method> <!-- teardown -->
      </class> <!-- testCases.TC_01_AccountRegistration -->
    </test> <!-- chrometest -->
    <test started-at="2025-10-06T18:35:08 IST" name="firefoxtest" finished-at="2025-10-06T18:35:17 IST" duration-ms="9355">
      <class name="testCases.TC_01_AccountRegistration">
        <test-method is-config="true" signature="setup(java.lang.String,java.lang.String)[pri:0, instance:testCases.TC_01_AccountRegistration@18a25bbd]" started-at="2025-10-06T18:35:08 IST" name="setup" finished-at="2025-10-06T18:35:14 IST" duration-ms="5607" status="PASS">
          <params>
            <param index="0">
              <value>
                <![CDATA[firefox]]>
              </value>
            </param>
            <param index="1">
              <value>
                <![CDATA[linux]]>
              </value>
            </param>
          </params>
          <reporter-output>
          </reporter-output>
        </test-method> <!-- setup -->
        <test-method signature="verify_account_registration()[pri:0, instance:testCases.TC_01_AccountRegistration@18a25bbd]" started-at="2025-10-06T18:35:14 IST" name="verify_account_registration" finished-at="2025-10-06T18:35:16 IST" duration-ms="2691" status="PASS">
          <reporter-output>
          </reporter-output>
        </test-method> <!-- verify_account_registration -->
        <test-method is-config="true" signature="teardown()[pri:0, instance:testCases.TC_01_AccountRegistration@18a25bbd]" started-at="2025-10-06T18:35:16 IST" name="teardown" finished-at="2025-10-06T18:35:17 IST" duration-ms="1051" status="PASS">
          <reporter-output>
          </reporter-output>
        </test-method> <!-- teardown -->
      </class> <!-- testCases.TC_01_AccountRegistration -->
    </test> <!-- firefoxtest -->
  </suite> <!-- Suite -->
</testng-results>
