<?xml version="1.0" encoding="UTF-8"?>
<testng-results ignored="0" total="3" passed="2" failed="1" skipped="0">
  <reporter-output>
  </reporter-output>
  <suite started-at="2025-11-03T14:02:50 IST" name="Suite" finished-at="2025-11-03T14:03:20 IST" duration-ms="29958">
    <groups>
      <group name="Master">
        <method signature="TC_01_AccountRegistration.verify_account_registration()[pri:0, instance:testCases.TC_01_AccountRegistration@ca30bc1]" name="verify_account_registration" class="testCases.TC_01_AccountRegistration"/>
      </group> <!-- Master -->
      <group name="Regression">
        <method signature="TC_01_AccountRegistration.verify_account_registration()[pri:0, instance:testCases.TC_01_AccountRegistration@ca30bc1]" name="verify_account_registration" class="testCases.TC_01_AccountRegistration"/>
        <method signature="TC_03_LoginDDT.verify_loginDDT(java.lang.String,java.lang.String,java.lang.String)[pri:0, instance:testCases.TC_03_LoginDDT@21337f7b]" name="verify_loginDDT" class="testCases.TC_03_LoginDDT"/>
      </group> <!-- Regression -->
    </groups>
    <test started-at="2025-11-03T14:02:50 IST" name="Testing" finished-at="2025-11-03T14:03:20 IST" duration-ms="29958">
      <class name="testCases.TC_03_LoginDDT">
        <test-method is-config="true" signature="setup(java.lang.String,java.lang.String)[pri:0, instance:testCases.TC_03_LoginDDT@21337f7b]" started-at="2025-11-03T14:03:00 IST" name="setup" finished-at="2025-11-03T14:03:04 IST" duration-ms="4477" status="PASS">
          <params>
            <param index="0">
              <value>
                <![CDATA[chrome]]>
              </value>
            </param>
            <param index="1">
              <value>
                <![CDATA[Windows]]>
              </value>
            </param>
          </params>
          <reporter-output>
          </reporter-output>
        </test-method> <!-- setup -->
        <test-method signature="verify_loginDDT(java.lang.String,java.lang.String,java.lang.String)[pri:0, instance:testCases.TC_03_LoginDDT@21337f7b]" started-at="2025-11-03T14:03:06 IST" name="verify_loginDDT" data-provider="LoginData" finished-at="2025-11-03T14:03:09 IST" duration-ms="3230" status="PASS">
          <params>
            <param index="0">
              <value>
                <![CDATA[john123@web.com]]>
              </value>
            </param>
            <param index="1">
              <value>
                <![CDATA[qwerty123]]>
              </value>
            </param>
            <param index="2">
              <value>
                <![CDATA[valid]]>
              </value>
            </param>
          </params>
          <reporter-output>
          </reporter-output>
        </test-method> <!-- verify_loginDDT -->
        <test-method signature="verify_loginDDT(java.lang.String,java.lang.String,java.lang.String)[pri:0, instance:testCases.TC_03_LoginDDT@21337f7b]" started-at="2025-11-03T14:03:09 IST" name="verify_loginDDT" data-provider="LoginData" finished-at="2025-11-03T14:03:19 IST" duration-ms="10254" status="FAIL">
          <params>
            <param index="0">
              <value>
                <![CDATA[abc12@gmail.com]]>
              </value>
            </param>
            <param index="1">
              <value>
                <![CDATA[assd123]]>
              </value>
            </param>
            <param index="2">
              <value>
                <![CDATA[invalid]]>
              </value>
            </param>
          </params>
          <exception class="java.lang.AssertionError">
            <message>
              <![CDATA[null]]>
            </message>
            <full-stacktrace>
              <![CDATA[java.lang.AssertionError: null
at org.testng.Assert.fail(Assert.java:111)
at org.testng.Assert.fail(Assert.java:116)
at testCases.TC_03_LoginDDT.verify_loginDDT(TC_03_LoginDDT.java:65)
at java.base/jdk.internal.reflect.DirectMethodHandleAccessor.invoke(DirectMethodHandleAccessor.java:104)
at java.base/java.lang.reflect.Method.invoke(Method.java:565)
at org.testng.internal.invokers.MethodInvocationHelper.invokeMethod(MethodInvocationHelper.java:141)
at org.testng.internal.invokers.TestInvoker.invokeMethod(TestInvoker.java:686)
at org.testng.internal.invokers.TestInvoker.invokeTestMethod(TestInvoker.java:230)
at org.testng.internal.invokers.MethodRunner.runInSequence(MethodRunner.java:63)
at org.testng.internal.invokers.TestInvoker$MethodInvocationAgent.invoke(TestInvoker.java:992)
at org.testng.internal.invokers.TestInvoker.invokeTestMethods(TestInvoker.java:203)
at org.testng.internal.invokers.TestMethodWorker.invokeTestMethods(TestMethodWorker.java:154)
at org.testng.internal.invokers.TestMethodWorker.run(TestMethodWorker.java:134)
at java.base/java.util.ArrayList.forEach(ArrayList.java:1604)
at org.testng.TestRunner.privateRun(TestRunner.java:739)
at org.testng.TestRunner.run(TestRunner.java:614)
at org.testng.SuiteRunner.runTest(SuiteRunner.java:421)
at org.testng.SuiteRunner.runSequentially(SuiteRunner.java:413)
at org.testng.SuiteRunner.privateRun(SuiteRunner.java:373)
at org.testng.SuiteRunner.run(SuiteRunner.java:312)
at org.testng.SuiteRunnerWorker.runSuite(SuiteRunnerWorker.java:52)
at org.testng.SuiteRunnerWorker.run(SuiteRunnerWorker.java:95)
at org.testng.TestNG.runSuitesSequentially(TestNG.java:1274)
at org.testng.TestNG.runSuitesLocally(TestNG.java:1208)
at org.testng.TestNG.runSuites(TestNG.java:1112)
at org.testng.TestNG.run(TestNG.java:1079)
at org.testng.remote.AbstractRemoteTestNG.run(AbstractRemoteTestNG.java:115)
at org.testng.remote.RemoteTestNG.initAndRun(RemoteTestNG.java:293)
at org.testng.remote.RemoteTestNG.main(RemoteTestNG.java:91)
]]>
            </full-stacktrace>
          </exception> <!-- java.lang.AssertionError -->
          <reporter-output>
          </reporter-output>
        </test-method> <!-- verify_loginDDT -->
        <test-method is-config="true" signature="teardown()[pri:0, instance:testCases.TC_03_LoginDDT@21337f7b]" started-at="2025-11-03T14:03:19 IST" name="teardown" finished-at="2025-11-03T14:03:20 IST" duration-ms="242" status="PASS">
          <reporter-output>
          </reporter-output>
        </test-method> <!-- teardown -->
      </class> <!-- testCases.TC_03_LoginDDT -->
      <class name="testCases.TC_01_AccountRegistration">
        <test-method is-config="true" signature="setup(java.lang.String,java.lang.String)[pri:0, instance:testCases.TC_01_AccountRegistration@ca30bc1]" started-at="2025-11-03T14:02:50 IST" name="setup" finished-at="2025-11-03T14:02:56 IST" duration-ms="6565" status="PASS">
          <params>
            <param index="0">
              <value>
                <![CDATA[chrome]]>
              </value>
            </param>
            <param index="1">
              <value>
                <![CDATA[Windows]]>
              </value>
            </param>
          </params>
          <reporter-output>
          </reporter-output>
        </test-method> <!-- setup -->
        <test-method signature="verify_account_registration()[pri:0, instance:testCases.TC_01_AccountRegistration@ca30bc1]" started-at="2025-11-03T14:02:56 IST" name="verify_account_registration" finished-at="2025-11-03T14:03:00 IST" duration-ms="3097" status="PASS">
          <reporter-output>
          </reporter-output>
        </test-method> <!-- verify_account_registration -->
        <test-method is-config="true" signature="teardown()[pri:0, instance:testCases.TC_01_AccountRegistration@ca30bc1]" started-at="2025-11-03T14:03:00 IST" name="teardown" finished-at="2025-11-03T14:03:00 IST" duration-ms="294" status="PASS">
          <reporter-output>
          </reporter-output>
        </test-method> <!-- teardown -->
      </class> <!-- testCases.TC_01_AccountRegistration -->
    </test> <!-- Testing -->
  </suite> <!-- Suite -->
</testng-results>
