<?xml version="1.0" encoding="UTF-8"?>
<!-- Generated by org.testng.reporters.JUnitReportReporter -->
<testsuite hostname="DESKTOP-Q8U2OG3" failures="0" tests="2" name="testCases.TC_01_AccountRegistration" time="9.403" errors="0" timestamp="2025-10-06T18:35:18 IST" skipped="0">
  <testcase classname="testCases.TC_01_AccountRegistration" name="verify_account_registration" time="2.691"/>
  <testcase classname="testCases.TC_01_AccountRegistration" name="verify_account_registration" time="6.712"/>
</testsuite> <!-- testCases.TC_01_AccountRegistration -->
